<?xml version="1.0" encoding="UTF-8"?>
<!-- Generated by org.testng.reporters.JUnitReportReporter -->
<testsuite skipped="0" hostname="MC0XSYMC" name="suite2.Snapdeal" tests="2" failures="0" timestamp="23 Feb 2018 09:36:17 GMT" time="38.659" errors="0">
  <testcase name="title" time="1.885" classname="suite2.Snapdeal"/>
  <testcase name="search" time="36.774" classname="suite2.Snapdeal"/>
</testsuite> <!-- suite2.Snapdeal -->
