<?xml version="1.0" encoding="UTF-8"?>
<!-- Generated by org.testng.reporters.JUnitReportReporter -->
<testsuite skipped="0" hostname="MC0XSYMC" name="demo.AUT" tests="1" failures="0" timestamp="09 Apr 2018 09:55:36 GMT" time="32.942" errors="0">
  <testcase name="screenshot" time="32.942" classname="demo.AUT"/>
</testsuite> <!-- demo.AUT -->
